<?xml version="1.0" encoding="UTF-8"?>
<!-- Generated by org.testng.reporters.JUnitReportReporter -->
<testsuite hostname="AravindBalajis-MacBook-Air.local" failures="0" tests="1" name="moduleTest.TestClassRun" time="9.144" errors="0" timestamp="2024-11-22T06:06:21 AST" skipped="0">
  <testcase classname="moduleTest.TestClassRun" name="testcase" time="9.144"/>
</testsuite> <!-- moduleTest.TestClassRun -->
